make all --print-data-base --no-builtin-variables --no-builtin-rules --question
# GNU Make 4.3
# Built for x86_64-pc-linux-gnu
# Copyright (C) 1988-2020 Free Software Foundation, Inc.
# License GPLv3+: GNU GPL version 3 or later <http://gnu.org/licenses/gpl.html>
# This is free software: you are free to change and redistribute it.
# There is NO WARRANTY, to the extent permitted by law.

# Make data base, printed on Wed Aug 24 12:40:29 2022

# Variables

# makefile (from 'Makefile', line 5)
OBJ = ./obj
# environment
GDK_BACKEND = x11
# environment
LC_ALL = C
# makefile (from 'Makefile', line 6)
SRC = ./src
# environment
GNOME_SHELL_SESSION_MODE = ubuntu
# environment
SSH_AGENT_LAUNCHER = gnome-keyring
# environment
SNAP_INSTANCE_KEY = 
# environment
GJS_DEBUG_OUTPUT = stderr
# environment
VSCODE_CWD = /home/daniel
# makefile (from 'Makefile', line 9)
LIBS = -lm -led -L $(LIB)
# default
MAKE_COMMAND := make
# environment
QT_ACCESSIBILITY = 1
# automatic
@D = $(patsubst %/,%,$(dir $@))
# environment
SNAP_INSTANCE_NAME = code
# environment
GDK_PIXBUF_MODULEDIR = /snap/code/105/usr/lib/x86_64-linux-gnu/gdk-pixbuf-2.0/2.10.0/loaders
# environment
VSCODE_HANDLES_UNCAUGHT_ERRORS = true
# default
.VARIABLES := 
# environment
PWD = /home/daniel/Documentos/Cefet/SO/processos-e-treads
# automatic
%D = $(patsubst %/,%,$(dir $%))
# environment
XDG_DATA_DIRS = /usr/share/ubuntu:/usr/local/share/:/usr/share/:/var/lib/snapd/desktop
# automatic
^D = $(patsubst %/,%,$(dir $^))
# automatic
%F = $(notdir $%)
# environment
VSCODE_CODE_CACHE_PATH = /home/daniel/.config/Code/CachedData/e4503b30fc78200f846c62cf8091b76ff5547662
# environment
LANG = C
# environment
XAUTHORITY = /run/user/1000/.mutter-Xwaylandauth.WX6PR1
# default
.LOADED := 
# default
.INCLUDE_DIRS = /usr/local/include /usr/include /usr/include
# makefile
MAKEFLAGS = pqrR
# makefile
CURDIR := /home/daniel/Documentos/Cefet/SO/processos-e-treads
# environment
APPLICATION_INSIGHTS_NO_DIAGNOSTIC_CHANNEL = true
# environment
LESSOPEN = | /usr/bin/lesspipe %s
# automatic
*D = $(patsubst %/,%,$(dir $*))
# environment
MFLAGS = -pqrR
# environment
SSH_AUTH_SOCK = /run/user/1000/keyring/ssh
# default
.SHELLFLAGS := -c
# environment
WAYLAND_DISPLAY = wayland-0
# environment
XDG_CONFIG_DIRS = /etc/xdg/xdg-ubuntu:/etc/xdg
# automatic
+D = $(patsubst %/,%,$(dir $+))
# environment
XDG_SESSION_DESKTOP = ubuntu
# makefile (from 'Makefile', line 1)
MAKEFILE_LIST := Makefile
# makefile (from 'Makefile', line 1)
APPS = ./apps
# environment
SNAP_REEXEC = 
# automatic
@F = $(notdir $@)
# environment
VSCODE_PID = 3692
# environment
XDG_SESSION_TYPE = wayland
# automatic
?D = $(patsubst %/,%,$(dir $?))
# environment
BAMF_DESKTOP_FILE_HINT = /var/lib/snapd/desktop/applications/code_code.desktop
# makefile (from 'Makefile', line 8)
FLAGS = -O3 -Wall
# environment
SESSION_MANAGER = local/daniel:@/tmp/.ICE-unix/2211,unix/daniel:/tmp/.ICE-unix/2211
# automatic
*F = $(notdir $*)
# environment
CHROME_DESKTOP = code-url-handler.desktop
# environment
DBUS_SESSION_BUS_ADDRESS = unix:path=/run/user/1000/bus
# makefile (from 'Makefile', line 4)
LIB = ./lib
# automatic
<D = $(patsubst %/,%,$(dir $<))
# environment
VSCODE_NLS_CONFIG = {"locale":"pt-br","availableLanguages":{"*":"pt-br"},"_languagePackId":"8e7a008e83c664b9876a8f72ff0490ae.pt-br","_translationsConfigFile":"/home/daniel/.config/Code/clp/8e7a008e83c664b9876a8f72ff0490ae.pt-br/tcf.json","_cacheRoot":"/home/daniel/.config/Code/clp/8e7a008e83c664b9876a8f72ff0490ae.pt-br","_resolvedLanguagePackCoreLocation":"/home/daniel/.config/Code/clp/8e7a008e83c664b9876a8f72ff0490ae.pt-br/e4503b30fc78200f846c62cf8091b76ff5547662","_corruptedFile":"/home/daniel/.config/Code/clp/8e7a008e83c664b9876a8f72ff0490ae.pt-br/corrupted.info","_languagePackSupport":true}
# makefile (from 'Makefile', line 3)
INCLUDE = ./include
# default
MAKE_HOST := x86_64-pc-linux-gnu
# environment
GNOME_DESKTOP_SESSION_ID = this-is-deprecated
# makefile
SHELL = /bin/sh
# default
MAKECMDGOALS := all
# environment
XMODIFIERS = @im=ibus
# environment
GJS_DEBUG_TOPICS = JS ERROR;JS LOG
# environment
SHLVL = 0
# environment
MAKELEVEL := 0
# environment
IM_CONFIG_CHECK_ENV = 1
# default
MAKE = $(MAKE_COMMAND)
# environment
SNAP_COOKIE = EMrKkIEhEVpllwsQsiDAzU41fxKWWJxkSp_q4qp1lryMpkrUPsUo
# environment
PATH = /usr/local/sbin:/usr/local/bin:/usr/sbin:/usr/bin:/sbin:/bin:/usr/games:/usr/local/games:/snap/bin:/snap/bin
# default
MAKEFILES := 
# environment
LANGUAGE = pt_BR:pt:en
# automatic
^F = $(notdir $^)
# environment
SNAP_USER_COMMON = /home/daniel/snap/code/common
# environment
SNAP = /snap/code/105
# environment
INVOCATION_ID = f8a79ed3c6964f7f9e875338e3bd4db1
# environment
SNAP_REVISION = 105
# environment
SNAP_REAL_HOME = /home/daniel
# environment
USERNAME = daniel
# environment
GNOME_SETUP_DISPLAY = :1
# environment
LESSCLOSE = /usr/bin/lesspipe %s %s
# automatic
?F = $(notdir $?)
# environment
XDG_CURRENT_DESKTOP = Unity
# environment
LS_COLORS = 
# automatic
+F = $(notdir $+)
# environment
DESKTOP_SESSION = ubuntu
# environment
ORIGINAL_XDG_CURRENT_DESKTOP = ubuntu:GNOME
# 'override' directive
GNUMAKEFLAGS := 
# environment
LOGNAME = daniel
# environment
GIO_LAUNCHED_DESKTOP_FILE = /var/lib/snapd/desktop/applications/code_code.desktop
# environment
SNAP_ARCH = amd64
# makefile
.DEFAULT_GOAL := all
# environment
SYSTEMD_EXEC_PID = 2249
# environment
DISPLAY = :0
# environment
USER = daniel
# environment
GTK_MODULES = gail:atk-bridge
# default
MAKE_VERSION := 4.3
# environment
DISABLE_WAYLAND = 1
# environment
SNAP_DATA = /var/snap/code/105
# environment
SNAP_CONTEXT = EMrKkIEhEVpllwsQsiDAzU41fxKWWJxkSp_q4qp1lryMpkrUPsUo
# environment
MANAGERPID = 2054
# environment
GIO_LAUNCHED_DESKTOP_FILE_PID = 3605
# environment
_ = /snap/code/105/usr/share/code/code
# makefile (from 'Makefile', line 2)
BIN = ./bin
# environment
XDG_RUNTIME_DIR = /run/user/1000
# environment
GDK_PIXBUF_MODULE_FILE = /home/daniel/snap/code/common/.cache/gdk-pixbuf-loaders.cache
# environment
JOURNAL_STREAM = 8:33470
# environment
XDG_SESSION_CLASS = user
# environment
VSCODE_AMD_ENTRYPOINT = vs/workbench/api/node/extensionHostProcess
# environment
HOME = /home/daniel
# environment
QT_IM_MODULE = ibus
# environment
ELECTRON_RUN_AS_NODE = 1
# environment
VSCODE_IPC_HOOK = /run/user/1000/vscode-419f9acc-1.70.2-main.sock
# environment
SNAP_NAME = code
# environment
GSETTINGS_SCHEMA_DIR = /snap/code/105/usr/share/glib-2.0/schemas
# environment
IM_CONFIG_PHASE = 1
# default
.RECIPEPREFIX := 
# automatic
<F = $(notdir $<)
# environment
SNAP_VERSION = e4503b30
# default
SUFFIXES := 
# environment
VSCODE_CLI = 1
# environment
ELECTRON_NO_ATTACH_CONSOLE = 1
# environment
SNAP_COMMON = /var/snap/code/common
# default
.FEATURES := target-specific order-only second-expansion else-if shortest-stem undefine oneshell nocomment grouped-target extra-prereqs archives jobserver output-sync check-symlink load
# environment
SNAP_USER_DATA = /home/daniel/snap/code/105
# environment
XDG_MENU_PREFIX = gnome-
# environment
GDMSESSION = ubuntu
# environment
SNAP_LIBRARY_PATH = /var/lib/snapd/lib/gl:/var/lib/snapd/lib/gl32:/var/lib/snapd/void
# variable set hash-table stats:
# Load=126/1024=12%, Rehash=0, Collisions=5/169=3%

# Pattern-specific Variable Values

# No pattern-specific variable values.

# Directories

# include (device 2051, inode 11012156): 3 files, no impossibilities so far.
# src (device 2051, inode 11012164): 3 files, no impossibilities so far.
# . (device 2051, inode 10750686): 14 files, no impossibilities.
# apps (device 2051, inode 11010445): No files, no impossibilities so far.

# 20 files, no impossibilities in 4 directories.

 
# Implicit Rules

obj/%.o: src/%.cpp include/%.hpp
#  recipe to execute (from 'Makefile', line 22):
	g++ $(FLAGS) -c $< -I $(INCLUDE) -o $@

bin/%: apps/%.cpp
#  recipe to execute (from 'Makefile', line 25):
	g++ $(FLAGS) $< $(LIBS) -I $(INCLUDE) -o $@

# 2 implicit rules, 0 (0.0%) terminal.
# Files

# Not a target:
include/util.hpp:
#  Implicit rule search has been done.
#  Last modified 2022-08-24 08:12:06.535965452
#  File has been updated.
#  Successfully updated.

# Not a target:
src/read.cpp:
#  Implicit rule search has been done.
#  Last modified 2022-08-23 12:46:30.441007916
#  File has been updated.
#  Successfully updated.

# Not a target:
include/read.hpp:
#  Implicit rule search has been done.
#  Last modified 2022-08-24 07:44:53.873603136
#  File has been updated.
#  Successfully updated.

libed: obj/read.o obj/util.o
#  Implicit rule search has not been done.
#  Implicit/static pattern stem: ''
#  File does not exist.
#  File has been updated.
#  Needs to be updated (-q is set).
# automatic
# @ := libed
# automatic
# * := 
# automatic
# < := obj/read.o
# automatic
# + := obj/read.o obj/util.o
# automatic
# % := 
# automatic
# ^ := obj/read.o obj/util.o
# automatic
# ? := obj/read.o obj/util.o
# automatic
# | := 
# variable set hash-table stats:
# Load=8/32=25%, Rehash=0, Collisions=1/13=8%
#  recipe to execute (from 'Makefile', line 16):
	ar -rcs $(LIB)/libed.a $(OBJ)/*.o

# Not a target:
src/util.cpp:
#  Implicit rule search has been done.
#  Last modified 2022-08-24 07:25:12.363817966
#  File has been updated.
#  Successfully updated.

# Not a target:
Makefile:
#  Implicit rule search has been done.
#  Last modified 2022-08-23 12:46:30.437007735
#  File has been updated.
#  Successfully updated.

clean:
#  Implicit rule search has not been done.
#  Modification time never checked.
#  File has not been updated.
#  recipe to execute (from 'Makefile', line 31):
	rm -rf $(BIN)/* $(LIB)/* $(OBJ)/*

# Not a target:
bin/main:
#  Implicit rule search has not been done.
#  Modification time never checked.
#  File has not been updated.

obj/util.o: src/util.cpp include/util.hpp
#  Implicit rule search has been done.
#  Implicit/static pattern stem: 'util'
#  Last modified 2022-08-24 08:13:10.083640283
#  File has been updated.
#  Successfully updated.
#  recipe to execute (from 'Makefile', line 22):
	g++ $(FLAGS) -c $< -I $(INCLUDE) -o $@

# Not a target:
.DEFAULT:
#  Implicit rule search has not been done.
#  Modification time never checked.
#  File has not been updated.

all: libed myapps
#  Command line target.
#  Implicit rule search has been done.
#  File does not exist.
#  File has been updated.
#  Needs to be updated (-q is set).
# variable set hash-table stats:
# Load=0/32=0%, Rehash=0, Collisions=0/5=0%

run:
#  Implicit rule search has not been done.
#  Modification time never checked.
#  File has not been updated.
#  recipe to execute (from 'Makefile', line 28):
	$(BIN)/main

clean_apps:
#  Implicit rule search has not been done.
#  Modification time never checked.
#  File has not been updated.
#  recipe to execute (from 'Makefile', line 34):
	rm -rf $(BIN)/*

r: all run
#  Implicit rule search has not been done.
#  Modification time never checked.
#  File has not been updated.

obj/read.o: src/read.cpp include/read.hpp
#  Implicit rule search has been done.
#  Implicit/static pattern stem: 'read'
#  Last modified 2022-08-24 08:07:06.564299402
#  File has been updated.
#  Successfully updated.
#  recipe to execute (from 'Makefile', line 22):
	g++ $(FLAGS) -c $< -I $(INCLUDE) -o $@

myapps: clean_apps bin/main
#  Implicit rule search has not been done.
#  Modification time never checked.
#  File has not been updated.

# Not a target:
.SUFFIXES:
#  Implicit rule search has not been done.
#  Modification time never checked.
#  File has not been updated.

# files hash-table stats:
# Load=17/1024=2%, Rehash=0, Collisions=0/50=0%
# VPATH Search Paths

# No 'vpath' search paths.

# No general ('VPATH' variable) search path.

# strcache buffers: 1 (0) / strings = 43 / storage = 360 B / avg = 8 B
# current buf: size = 8162 B / used = 360 B / count = 43 / avg = 8 B

# strcache performance: lookups = 70 / hit rate = 38%
# hash-table stats:
# Load=43/8192=1%, Rehash=0, Collisions=0/70=0%
# Finished Make data base on Wed Aug 24 12:40:29 2022

 
